<?xml version="1.0" encoding="UTF-8" standalone="no"?>
<testsuite errors="0" failures="1" name="io.cucumber.core.plugin.JUnitFormatter" skipped="0" tests="1" time="0.174">
    <testcase classname="feature to test google search functionality" name="Validate google search is working" time="0.03">
        <failure message="The scenario has pending or undefined step(s)" type="java.lang.Exception"><![CDATA[Given browser is open.......................................................undefined
And user is on google search page...........................................skipped
When user enters a text in search box.......................................skipped
And hits enter..............................................................skipped
Then user is navigated to search results....................................skipped
]]></failure>
    </testcase>
</testsuite>
